258745/258745 [==============================] - 600s 2ms/step - loss: 0.4381 - acc: 0.7933 - val_loss: 0.5284 - val_acc: 0.7460
Epoch 17/50
258745/258745 [==============================] - 598s 2ms/step - loss: 0.4362 - acc: 0.7947 - val_loss: 0.5140 - val_acc: 0.7567
Epoch 18/50
258745/258745 [==============================] - 599s 2ms/step - loss: 0.4322 - acc: 0.7968 - val_loss: 0.5036 - val_acc: 0.7591
Epoch 19/50
258745/258745 [==============================] - 599s 2ms/step - loss: 0.4304 - acc: 0.7974 - val_loss: 0.5096 - val_acc: 0.7587
Epoch 20/50
258745/258745 [==============================] - 600s 2ms/step - loss: 0.4301 - acc: 0.7978 - val_loss: 0.5193 - val_acc: 0.7518
Epoch 21/50
258745/258745 [==============================] - 599s 2ms/step - loss: 0.4283 - acc: 0.7987 - val_loss: 0.5146 - val_acc: 0.7578
Epoch 22/50
258745/258745 [==============================] - 598s 2ms/step - loss: 0.4257 - acc: 0.7993 - val_loss: 0.5135 - val_acc: 0.7587
Epoch 23/50
258688/258745 [============================>.] - ETA: 0s - loss: 0.4237 - acc: 0.8012Epoch 00023: val_acc improved from 0.76062 to 0.76161, saving model to ../models/weights-impro258745/258745 [==============================] - 600s 2ms/step - loss: 0.4238 - acc: 0.8011 - val_loss: 0.5078 - val_acc: 0.7616
Epoch 24/50
258745/258745 [==============================] - 595s 2ms/step - loss: 0.4230 - acc: 0.8023 - val_loss: 0.5116 - val_acc: 0.7574
Epoch 25/50
258745/258745 [==============================] - 598s 2ms/step - loss: 0.4219 - acc: 0.8027 - val_loss: 0.5280 - val_acc: 0.7575
Epoch 26/50
258745/258745 [==============================] - 598s 2ms/step - loss: 0.4200 - acc: 0.8033 - val_loss: 0.5181 - val_acc: 0.7548
Epoch 27/50
258745/258745 [==============================] - 598s 2ms/step - loss: 0.4181 - acc: 0.8055 - val_loss: 0.5219 - val_acc: 0.7519
Epoch 28/50
258745/258745 [==============================] - 599s 2ms/step - loss: 0.4175 - acc: 0.8047 - val_loss: 0.5267 - val_acc: 0.7508
Epoch 29/50
258745/258745 [==============================] - 599s 2ms/step - loss: 0.4176 - acc: 0.8045 - val_loss: 0.5142 - val_acc: 0.7576
Epoch 30/50
258745/258745 [==============================] - 600s 2ms/step - loss: 0.4167 - acc: 0.8055 - val_loss: 0.5234 - val_acc: 0.7539

Metrics on test dataset
precision: [ 0.81183632  0.67660055]
recall: [ 0.80891995  0.6807394 ]
fscore: [ 0.81037551  0.67866367]
support: [50942 29916]
[[41208  9734]
 [ 9551 20365]]
Accuracy: (20365.0+41208)/(41208+9734+9551+20365) = 0.76149546117
